[2024-03-20T14:28:15.185] [INFO] categories - POST /user/login
[2024-03-20T14:29:41.168] [INFO] categories - POST /user/login
[2024-03-20T14:29:55.190] [INFO] categories - POST /user/login
[2024-03-20T14:30:34.131] [INFO] categories - GET /list/getList
[2024-03-20T14:31:01.276] [INFO] categories - GET /list/getList
[2024-03-20T14:32:36.570] [INFO] categories - GET /list/getListundefined
[2024-03-20T14:32:52.941] [INFO] categories - GET /list/getList
[2024-03-20T14:33:06.889] [INFO] categories - POST /user/regUser
[2024-03-20T14:33:13.861] [INFO] categories - POST /user/regUser
[2024-03-20T14:33:38.437] [INFO] categories - POST /user/regUser
[2024-03-20T14:33:56.346] [INFO] categories - POST /user/regUser
[2024-03-20T14:35:41.250] [INFO] categories - POST /user/regUser
[2024-03-20T14:36:14.978] [INFO] categories - POST /user/regUser
[2024-03-20T14:37:08.197] [INFO] categories - POST /user/regUser
[2024-03-20T14:37:38.480] [INFO] categories - POST /user/regUser
[2024-03-20T14:37:52.456] [INFO] categories - POST /user/regUser
[2024-03-20T14:38:59.541] [INFO] categories - POST /user/regUser[object Object]
[2024-03-20T14:39:21.651] [INFO] categories - POST /user/regUser{"name":"ml","age":23}
[2024-03-20T14:39:41.349] [INFO] categories - POST /user/login {"name":"ml","password":"123456"}
[2024-03-20T14:59:10.499] [INFO] categories - GET / {}
[2024-03-20T14:59:23.834] [INFO] categories - GET / {}
[2024-03-20T15:10:49.522] [INFO] categories - GET / {}
[2024-03-20T15:12:10.660] [INFO] categories - GET /11.jpg {}
[2024-03-20T15:13:03.496] [INFO] categories - GET /favicon.ico {}
[2024-03-20T15:14:23.581] [INFO] categories - GET /node/11.jpg {}
[2024-03-20T15:14:30.822] [INFO] categories - GET /11.jpg {}
[2024-03-20T16:00:00.218] [INFO] categories - GET /list/getList {}
[2024-03-20T16:01:55.318] [INFO] categories - GET /node/index.html {}
[2024-03-20T16:01:58.043] [INFO] categories - GET /node/index.html {}
[2024-03-20T16:07:34.916] [INFO] categories - GET /list/getList {}
[2024-03-20T16:08:17.427] [INFO] categories - GET /list/getList {}
[2024-03-20T16:08:18.209] [INFO] categories - GET /list/getList {}
